  AnimatedSprite.cpp
  Animation.cpp
  AnimationContainer.cpp
  Bullet.cpp
  ContactListener.cpp
  main.cpp
main.cpp(226): warning C4244: аргумент: преобразование "unsigned int" в "float", возможна потеря данных
main.cpp(258): warning C4244: аргумент: преобразование "unsigned int" в "float", возможна потеря данных
  Game.cpp
  Player.cpp
  StaticRect.cpp
  UData.cpp
Box2D.lib(b2PolygonShape.obj) : error LNK2038: обнаружено несоответствие для "_ITERATOR_DEBUG_LEVEL": значение "2" не соответствует значению "0" в AnimatedSprite.obj
Box2D.lib(b2PolygonShape.obj) : error LNK2038: обнаружено несоответствие для "RuntimeLibrary": значение "MDd_DynamicDebug" не соответствует значению "MD_DynamicRelease" в AnimatedSprite.obj
Box2D.lib(b2Body.obj) : error LNK2038: обнаружено несоответствие для "_ITERATOR_DEBUG_LEVEL": значение "2" не соответствует значению "0" в AnimatedSprite.obj
Box2D.lib(b2Body.obj) : error LNK2038: обнаружено несоответствие для "RuntimeLibrary": значение "MDd_DynamicDebug" не соответствует значению "MD_DynamicRelease" в AnimatedSprite.obj
Box2D.lib(b2World.obj) : error LNK2038: обнаружено несоответствие для "_ITERATOR_DEBUG_LEVEL": значение "2" не соответствует значению "0" в AnimatedSprite.obj
Box2D.lib(b2World.obj) : error LNK2038: обнаружено несоответствие для "RuntimeLibrary": значение "MDd_DynamicDebug" не соответствует значению "MD_DynamicRelease" в AnimatedSprite.obj
Box2D.lib(b2Fixture.obj) : error LNK2038: обнаружено несоответствие для "_ITERATOR_DEBUG_LEVEL": значение "2" не соответствует значению "0" в AnimatedSprite.obj
Box2D.lib(b2Fixture.obj) : error LNK2038: обнаружено несоответствие для "RuntimeLibrary": значение "MDd_DynamicDebug" не соответствует значению "MD_DynamicRelease" в AnimatedSprite.obj
Box2D.lib(b2BroadPhase.obj) : error LNK2038: обнаружено несоответствие для "_ITERATOR_DEBUG_LEVEL": значение "2" не соответствует значению "0" в AnimatedSprite.obj
Box2D.lib(b2BroadPhase.obj) : error LNK2038: обнаружено несоответствие для "RuntimeLibrary": значение "MDd_DynamicDebug" не соответствует значению "MD_DynamicRelease" в AnimatedSprite.obj
Box2D.lib(b2ContactManager.obj) : error LNK2038: обнаружено несоответствие для "_ITERATOR_DEBUG_LEVEL": значение "2" не соответствует значению "0" в AnimatedSprite.obj
Box2D.lib(b2ContactManager.obj) : error LNK2038: обнаружено несоответствие для "RuntimeLibrary": значение "MDd_DynamicDebug" не соответствует значению "MD_DynamicRelease" в AnimatedSprite.obj
Box2D.lib(b2Island.obj) : error LNK2038: обнаружено несоответствие для "_ITERATOR_DEBUG_LEVEL": значение "2" не соответствует значению "0" в AnimatedSprite.obj
Box2D.lib(b2Island.obj) : error LNK2038: обнаружено несоответствие для "RuntimeLibrary": значение "MDd_DynamicDebug" не соответствует значению "MD_DynamicRelease" в AnimatedSprite.obj
Box2D.lib(b2Joint.obj) : error LNK2038: обнаружено несоответствие для "_ITERATOR_DEBUG_LEVEL": значение "2" не соответствует значению "0" в AnimatedSprite.obj
Box2D.lib(b2Joint.obj) : error LNK2038: обнаружено несоответствие для "RuntimeLibrary": значение "MDd_DynamicDebug" не соответствует значению "MD_DynamicRelease" в AnimatedSprite.obj
Box2D.lib(b2PulleyJoint.obj) : error LNK2038: обнаружено несоответствие для "_ITERATOR_DEBUG_LEVEL": значение "2" не соответствует значению "0" в AnimatedSprite.obj
Box2D.lib(b2PulleyJoint.obj) : error LNK2038: обнаружено несоответствие для "RuntimeLibrary": значение "MDd_DynamicDebug" не соответствует значению "MD_DynamicRelease" в AnimatedSprite.obj
Box2D.lib(b2Contact.obj) : error LNK2038: обнаружено несоответствие для "_ITERATOR_DEBUG_LEVEL": значение "2" не соответствует значению "0" в AnimatedSprite.obj
Box2D.lib(b2Contact.obj) : error LNK2038: обнаружено несоответствие для "RuntimeLibrary": значение "MDd_DynamicDebug" не соответствует значению "MD_DynamicRelease" в AnimatedSprite.obj
Box2D.lib(b2WorldCallbacks.obj) : error LNK2038: обнаружено несоответствие для "_ITERATOR_DEBUG_LEVEL": значение "2" не соответствует значению "0" в AnimatedSprite.obj
Box2D.lib(b2WorldCallbacks.obj) : error LNK2038: обнаружено несоответствие для "RuntimeLibrary": значение "MDd_DynamicDebug" не соответствует значению "MD_DynamicRelease" в AnimatedSprite.obj
Box2D.lib(b2ContactSolver.obj) : error LNK2038: обнаружено несоответствие для "_ITERATOR_DEBUG_LEVEL": значение "2" не соответствует значению "0" в AnimatedSprite.obj
Box2D.lib(b2ContactSolver.obj) : error LNK2038: обнаружено несоответствие для "RuntimeLibrary": значение "MDd_DynamicDebug" не соответствует значению "MD_DynamicRelease" в AnimatedSprite.obj
Box2D.lib(b2DistanceJoint.obj) : error LNK2038: обнаружено несоответствие для "_ITERATOR_DEBUG_LEVEL": значение "2" не соответствует значению "0" в AnimatedSprite.obj
Box2D.lib(b2DistanceJoint.obj) : error LNK2038: обнаружено несоответствие для "RuntimeLibrary": значение "MDd_DynamicDebug" не соответствует значению "MD_DynamicRelease" в AnimatedSprite.obj
Box2D.lib(b2WheelJoint.obj) : error LNK2038: обнаружено несоответствие для "_ITERATOR_DEBUG_LEVEL": значение "2" не соответствует значению "0" в AnimatedSprite.obj
Box2D.lib(b2WheelJoint.obj) : error LNK2038: обнаружено несоответствие для "RuntimeLibrary": значение "MDd_DynamicDebug" не соответствует значению "MD_DynamicRelease" в AnimatedSprite.obj
Box2D.lib(b2MouseJoint.obj) : error LNK2038: обнаружено несоответствие для "_ITERATOR_DEBUG_LEVEL": значение "2" не соответствует значению "0" в AnimatedSprite.obj
Box2D.lib(b2MouseJoint.obj) : error LNK2038: обнаружено несоответствие для "RuntimeLibrary": значение "MDd_DynamicDebug" не соответствует значению "MD_DynamicRelease" в AnimatedSprite.obj
Box2D.lib(b2RevoluteJoint.obj) : error LNK2038: обнаружено несоответствие для "_ITERATOR_DEBUG_LEVEL": значение "2" не соответствует значению "0" в AnimatedSprite.obj
Box2D.lib(b2RevoluteJoint.obj) : error LNK2038: обнаружено несоответствие для "RuntimeLibrary": значение "MDd_DynamicDebug" не соответствует значению "MD_DynamicRelease" в AnimatedSprite.obj
Box2D.lib(b2PrismaticJoint.obj) : error LNK2038: обнаружено несоответствие для "_ITERATOR_DEBUG_LEVEL": значение "2" не соответствует значению "0" в AnimatedSprite.obj
Box2D.lib(b2PrismaticJoint.obj) : error LNK2038: обнаружено несоответствие для "RuntimeLibrary": значение "MDd_DynamicDebug" не соответствует значению "MD_DynamicRelease" в AnimatedSprite.obj
Box2D.lib(b2GearJoint.obj) : error LNK2038: обнаружено несоответствие для "_ITERATOR_DEBUG_LEVEL": значение "2" не соответствует значению "0" в AnimatedSprite.obj
Box2D.lib(b2GearJoint.obj) : error LNK2038: обнаружено несоответствие для "RuntimeLibrary": значение "MDd_DynamicDebug" не соответствует значению "MD_DynamicRelease" в AnimatedSprite.obj
Box2D.lib(b2WeldJoint.obj) : error LNK2038: обнаружено несоответствие для "_ITERATOR_DEBUG_LEVEL": значение "2" не соответствует значению "0" в AnimatedSprite.obj
Box2D.lib(b2WeldJoint.obj) : error LNK2038: обнаружено несоответствие для "RuntimeLibrary": значение "MDd_DynamicDebug" не соответствует значению "MD_DynamicRelease" в AnimatedSprite.obj
Box2D.lib(b2FrictionJoint.obj) : error LNK2038: обнаружено несоответствие для "_ITERATOR_DEBUG_LEVEL": значение "2" не соответствует значению "0" в AnimatedSprite.obj
Box2D.lib(b2FrictionJoint.obj) : error LNK2038: обнаружено несоответствие для "RuntimeLibrary": значение "MDd_DynamicDebug" не соответствует значению "MD_DynamicRelease" в AnimatedSprite.obj
Box2D.lib(b2RopeJoint.obj) : error LNK2038: обнаружено несоответствие для "_ITERATOR_DEBUG_LEVEL": значение "2" не соответствует значению "0" в AnimatedSprite.obj
Box2D.lib(b2RopeJoint.obj) : error LNK2038: обнаружено несоответствие для "RuntimeLibrary": значение "MDd_DynamicDebug" не соответствует значению "MD_DynamicRelease" в AnimatedSprite.obj
Box2D.lib(b2MotorJoint.obj) : error LNK2038: обнаружено несоответствие для "_ITERATOR_DEBUG_LEVEL": значение "2" не соответствует значению "0" в AnimatedSprite.obj
Box2D.lib(b2MotorJoint.obj) : error LNK2038: обнаружено несоответствие для "RuntimeLibrary": значение "MDd_DynamicDebug" не соответствует значению "MD_DynamicRelease" в AnimatedSprite.obj
Box2D.lib(b2CircleContact.obj) : error LNK2038: обнаружено несоответствие для "_ITERATOR_DEBUG_LEVEL": значение "2" не соответствует значению "0" в AnimatedSprite.obj
Box2D.lib(b2CircleContact.obj) : error LNK2038: обнаружено несоответствие для "RuntimeLibrary": значение "MDd_DynamicDebug" не соответствует значению "MD_DynamicRelease" в AnimatedSprite.obj
Box2D.lib(b2PolygonAndCircleContact.obj) : error LNK2038: обнаружено несоответствие для "_ITERATOR_DEBUG_LEVEL": значение "2" не соответствует значению "0" в AnimatedSprite.obj
Box2D.lib(b2PolygonAndCircleContact.obj) : error LNK2038: обнаружено несоответствие для "RuntimeLibrary": значение "MDd_DynamicDebug" не соответствует значению "MD_DynamicRelease" в AnimatedSprite.obj
Box2D.lib(b2PolygonContact.obj) : error LNK2038: обнаружено несоответствие для "_ITERATOR_DEBUG_LEVEL": значение "2" не соответствует значению "0" в AnimatedSprite.obj
Box2D.lib(b2PolygonContact.obj) : error LNK2038: обнаружено несоответствие для "RuntimeLibrary": значение "MDd_DynamicDebug" не соответствует значению "MD_DynamicRelease" в AnimatedSprite.obj
Box2D.lib(b2EdgeAndCircleContact.obj) : error LNK2038: обнаружено несоответствие для "_ITERATOR_DEBUG_LEVEL": значение "2" не соответствует значению "0" в AnimatedSprite.obj
Box2D.lib(b2EdgeAndCircleContact.obj) : error LNK2038: обнаружено несоответствие для "RuntimeLibrary": значение "MDd_DynamicDebug" не соответствует значению "MD_DynamicRelease" в AnimatedSprite.obj
Box2D.lib(b2EdgeAndPolygonContact.obj) : error LNK2038: обнаружено несоответствие для "_ITERATOR_DEBUG_LEVEL": значение "2" не соответствует значению "0" в AnimatedSprite.obj
Box2D.lib(b2EdgeAndPolygonContact.obj) : error LNK2038: обнаружено несоответствие для "RuntimeLibrary": значение "MDd_DynamicDebug" не соответствует значению "MD_DynamicRelease" в AnimatedSprite.obj
Box2D.lib(b2ChainAndCircleContact.obj) : error LNK2038: обнаружено несоответствие для "_ITERATOR_DEBUG_LEVEL": значение "2" не соответствует значению "0" в AnimatedSprite.obj
Box2D.lib(b2ChainAndCircleContact.obj) : error LNK2038: обнаружено несоответствие для "RuntimeLibrary": значение "MDd_DynamicDebug" не соответствует значению "MD_DynamicRelease" в AnimatedSprite.obj
Box2D.lib(b2ChainAndPolygonContact.obj) : error LNK2038: обнаружено несоответствие для "_ITERATOR_DEBUG_LEVEL": значение "2" не соответствует значению "0" в AnimatedSprite.obj
Box2D.lib(b2ChainAndPolygonContact.obj) : error LNK2038: обнаружено несоответствие для "RuntimeLibrary": значение "MDd_DynamicDebug" не соответствует значению "MD_DynamicRelease" в AnimatedSprite.obj
Box2D.lib(b2ChainShape.obj) : error LNK2038: обнаружено несоответствие для "_ITERATOR_DEBUG_LEVEL": значение "2" не соответствует значению "0" в AnimatedSprite.obj
Box2D.lib(b2ChainShape.obj) : error LNK2038: обнаружено несоответствие для "RuntimeLibrary": значение "MDd_DynamicDebug" не соответствует значению "MD_DynamicRelease" в AnimatedSprite.obj
Box2D.lib(b2EdgeShape.obj) : error LNK2038: обнаружено несоответствие для "_ITERATOR_DEBUG_LEVEL": значение "2" не соответствует значению "0" в AnimatedSprite.obj
Box2D.lib(b2EdgeShape.obj) : error LNK2038: обнаружено несоответствие для "RuntimeLibrary": значение "MDd_DynamicDebug" не соответствует значению "MD_DynamicRelease" в AnimatedSprite.obj
LINK : warning LNK4098: библиотека по умолчанию "MSVCRTD" противоречит использованию других библиотек; используйте параметр /NODEFAULTLIB:library
I:\VS_PROJECTS\Kurs3\Release\Kurs3.exe : fatal error LNK1319: обнаружено несоответствий: 62
